<?xml version="1.0" encoding="UTF-8"?>
<testng-results ignored="0" total="1" passed="1" failed="0" skipped="0">
  <reporter-output>
  </reporter-output>
  <suite started-at="2025-01-24T15:44:52 IST" name="Default suite" finished-at="2025-01-24T15:44:54 IST" duration-ms="1955">
    <groups>
    </groups>
    <test started-at="2025-01-24T15:44:52 IST" name="Default test" finished-at="2025-01-24T15:44:54 IST" duration-ms="1955">
      <class name="day01.HttpRequests">
        <test-method signature="getUsers()[pri:0, instance:day01.HttpRequests@449a4f23]" started-at="2025-01-24T15:44:52 IST" name="getUsers" finished-at="2025-01-24T15:44:54 IST" duration-ms="1925" status="PASS">
          <reporter-output>
          </reporter-output>
        </test-method> <!-- getUsers -->
      </class> <!-- day01.HttpRequests -->
    </test> <!-- Default test -->
  </suite> <!-- Default suite -->
</testng-results>
