<?xml version="1.0" encoding="UTF-8"?>
<testng-results ignored="0" total="1" passed="1" failed="0" skipped="0">
  <reporter-output>
  </reporter-output>
  <suite started-at="2025-01-24T16:17:39 IST" name="Default suite" finished-at="2025-01-24T16:17:42 IST" duration-ms="2321">
    <groups>
    </groups>
    <test started-at="2025-01-24T16:17:39 IST" name="Default test" finished-at="2025-01-24T16:17:42 IST" duration-ms="2321">
      <class name="day01.HttpRequests">
        <test-method signature="createUser()[pri:0, instance:day01.HttpRequests@449a4f23]" started-at="2025-01-24T16:17:39 IST" name="createUser" finished-at="2025-01-24T16:17:42 IST" duration-ms="2285" status="PASS">
          <reporter-output>
          </reporter-output>
        </test-method> <!-- createUser -->
      </class> <!-- day01.HttpRequests -->
    </test> <!-- Default test -->
  </suite> <!-- Default suite -->
</testng-results>
